<?xml version="1.0" encoding="UTF-8"?>
<!-- Generated by org.testng.reporters.JUnitReportReporter -->
<testsuite hostname="DESKTOP-J494I73" name="com.TestCases.SelectHotelTC" tests="1" failures="0" timestamp="7 Aug 2019 06:08:33 GMT" time="8.308" errors="0">
  <testcase name="selectHotel" time="8.308" classname="com.TestCases.SelectHotelTC"/>
</testsuite> <!-- com.TestCases.SelectHotelTC -->
