<?xml version="1.0" encoding="UTF-8"?>
<!-- Generated by org.testng.reporters.JUnitReportReporter -->
<testsuite hostname="DESKTOP-J494I73" name="com.TestCases.LoginPageTC" tests="1" failures="0" timestamp="6 Aug 2019 09:29:59 GMT" time="78.704" errors="0">
  <testcase name="loginaPage" time="78.704" classname="com.TestCases.LoginPageTC"/>
</testsuite> <!-- com.TestCases.LoginPageTC -->
