<?xml version="1.0" encoding="UTF-8"?>
<!-- Generated by org.testng.reporters.JUnitReportReporter -->
<testsuite skipped="0" hostname="DESKTOP-J494I73" name="com.TestCases.BookAHotelTC" tests="1" failures="0" timestamp="07 Aug 2019 11:34:57 GMT" time="12.768" errors="0">
  <testcase name="bookAHotel" time="12.768" classname="com.TestCases.BookAHotelTC"/>
</testsuite> <!-- com.TestCases.BookAHotelTC -->
